2016-12-07 10:15:56,870 - Log4JLogChute initialized using file 'velocity.log'
2016-12-07 10:15:56,885 - Initializing Velocity, Calling init()...
2016-12-07 10:15:56,885 - Starting Apache Velocity v1.7 (compiled: 2010-11-19 12:14:37)
2016-12-07 10:15:56,885 - Default Properties File: org\apache\velocity\runtime\defaults\velocity.properties
2016-12-07 10:15:56,885 - Trying to use logger class org.apache.velocity.runtime.log.AvalonLogChute
2016-12-07 10:15:56,885 - Target log system for org.apache.velocity.runtime.log.AvalonLogChute is not available (java.lang.NoClassDefFoundError: org/apache/log/format/Formatter).  Falling back to next log system...
2016-12-07 10:15:56,885 - Trying to use logger class org.apache.velocity.runtime.log.Log4JLogChute
2016-12-07 10:15:56,885 - Using logger class org.apache.velocity.runtime.log.Log4JLogChute
2016-12-07 10:15:56,901 - ResourceLoader instantiated: org.apache.velocity.runtime.resource.loader.ClasspathResourceLoader
2016-12-07 10:15:56,963 - ResourceCache: initialized (class org.apache.velocity.runtime.resource.ResourceCacheImpl) with class java.util.Collections$SynchronizedMap cache map.
2016-12-07 10:15:56,963 - Loaded System Directive: org.apache.velocity.runtime.directive.Stop
2016-12-07 10:15:56,979 - Loaded System Directive: org.apache.velocity.runtime.directive.Define
2016-12-07 10:15:56,979 - Loaded System Directive: org.apache.velocity.runtime.directive.Break
2016-12-07 10:15:56,979 - Loaded System Directive: org.apache.velocity.runtime.directive.Evaluate
2016-12-07 10:15:56,995 - Loaded System Directive: org.apache.velocity.runtime.directive.Literal
2016-12-07 10:15:56,995 - Loaded System Directive: org.apache.velocity.runtime.directive.Macro
2016-12-07 10:15:57,010 - Loaded System Directive: org.apache.velocity.runtime.directive.Parse
2016-12-07 10:15:57,010 - Loaded System Directive: org.apache.velocity.runtime.directive.Include
2016-12-07 10:15:57,026 - Loaded System Directive: org.apache.velocity.runtime.directive.Foreach
2016-12-07 10:15:57,151 - Created '20' parsers.
2016-12-07 10:15:57,182 - Velocimacro : "velocimacro.library" is not set.  Trying default library: VM_global_library.vm
2016-12-07 10:15:57,198 - Could not load resource 'VM_global_library.vm' from ResourceLoader org.apache.velocity.runtime.resource.loader.ClasspathResourceLoader: ClasspathResourceLoader Error: cannot find resource VM_global_library.vm
2016-12-07 10:15:57,198 - Velocimacro : Default library not found.
2016-12-07 10:15:57,198 - Velocimacro : allowInline = true : VMs can be defined inline in templates
2016-12-07 10:15:57,198 - Velocimacro : allowInlineToOverride = false : VMs defined inline may NOT replace previous VM definitions
2016-12-07 10:15:57,198 - Velocimacro : allowInlineLocal = false : VMs defined inline will be global in scope if allowed.
2016-12-07 10:15:57,198 - Velocimacro : autoload off : VM system will not automatically reload global library macros
2016-12-07 10:15:57,198 - ResourceManager : unable to find resource '/ControllerTemplate.java' in any resource loader.
2016-12-07 10:40:48,862 - Log4JLogChute initialized using file 'velocity.log'
2016-12-07 10:40:48,866 - Initializing Velocity, Calling init()...
2016-12-07 10:40:48,867 - Starting Apache Velocity v1.7 (compiled: 2010-11-19 12:14:37)
2016-12-07 10:40:48,867 - Default Properties File: org\apache\velocity\runtime\defaults\velocity.properties
2016-12-07 10:40:48,867 - Trying to use logger class org.apache.velocity.runtime.log.AvalonLogChute
2016-12-07 10:40:48,867 - Target log system for org.apache.velocity.runtime.log.AvalonLogChute is not available (java.lang.NoClassDefFoundError: org/apache/log/format/Formatter).  Falling back to next log system...
2016-12-07 10:40:48,867 - Trying to use logger class org.apache.velocity.runtime.log.Log4JLogChute
2016-12-07 10:40:48,867 - Using logger class org.apache.velocity.runtime.log.Log4JLogChute
2016-12-07 10:40:48,889 - ResourceLoader instantiated: org.apache.velocity.runtime.resource.loader.ClasspathResourceLoader
2016-12-07 10:40:48,953 - ResourceCache: initialized (class org.apache.velocity.runtime.resource.ResourceCacheImpl) with class java.util.Collections$SynchronizedMap cache map.
2016-12-07 10:40:48,966 - Loaded System Directive: org.apache.velocity.runtime.directive.Stop
2016-12-07 10:40:48,975 - Loaded System Directive: org.apache.velocity.runtime.directive.Define
2016-12-07 10:40:48,980 - Loaded System Directive: org.apache.velocity.runtime.directive.Break
2016-12-07 10:40:48,981 - Loaded System Directive: org.apache.velocity.runtime.directive.Evaluate
2016-12-07 10:40:48,990 - Loaded System Directive: org.apache.velocity.runtime.directive.Literal
2016-12-07 10:40:49,002 - Loaded System Directive: org.apache.velocity.runtime.directive.Macro
2016-12-07 10:40:49,007 - Loaded System Directive: org.apache.velocity.runtime.directive.Parse
2016-12-07 10:40:49,020 - Loaded System Directive: org.apache.velocity.runtime.directive.Include
2016-12-07 10:40:49,026 - Loaded System Directive: org.apache.velocity.runtime.directive.Foreach
2016-12-07 10:40:49,154 - Created '20' parsers.
2016-12-07 10:40:49,190 - Velocimacro : "velocimacro.library" is not set.  Trying default library: VM_global_library.vm
2016-12-07 10:40:49,194 - Could not load resource 'VM_global_library.vm' from ResourceLoader org.apache.velocity.runtime.resource.loader.ClasspathResourceLoader: ClasspathResourceLoader Error: cannot find resource VM_global_library.vm
2016-12-07 10:40:49,194 - Velocimacro : Default library not found.
2016-12-07 10:40:49,194 - Velocimacro : allowInline = true : VMs can be defined inline in templates
2016-12-07 10:40:49,194 - Velocimacro : allowInlineToOverride = false : VMs defined inline may NOT replace previous VM definitions
2016-12-07 10:40:49,194 - Velocimacro : allowInlineLocal = false : VMs defined inline will be global in scope if allowed.
2016-12-07 10:40:49,194 - Velocimacro : autoload off : VM system will not automatically reload global library macros
2016-12-07 10:40:49,201 - ResourceManager : unable to find resource './src/main/resources/ControllerTemplate.java' in any resource loader.
2016-12-07 10:42:01,364 - Log4JLogChute initialized using file 'velocity.log'
2016-12-07 10:42:01,370 - Initializing Velocity, Calling init()...
2016-12-07 10:42:01,370 - Starting Apache Velocity v1.7 (compiled: 2010-11-19 12:14:37)
2016-12-07 10:42:01,370 - Default Properties File: org\apache\velocity\runtime\defaults\velocity.properties
2016-12-07 10:42:01,370 - Trying to use logger class org.apache.velocity.runtime.log.AvalonLogChute
2016-12-07 10:42:01,370 - Target log system for org.apache.velocity.runtime.log.AvalonLogChute is not available (java.lang.NoClassDefFoundError: org/apache/log/format/Formatter).  Falling back to next log system...
2016-12-07 10:42:01,371 - Trying to use logger class org.apache.velocity.runtime.log.Log4JLogChute
2016-12-07 10:42:01,371 - Using logger class org.apache.velocity.runtime.log.Log4JLogChute
2016-12-07 10:42:01,392 - ResourceLoader instantiated: org.apache.velocity.runtime.resource.loader.ClasspathResourceLoader
2016-12-07 10:42:01,454 - ResourceCache: initialized (class org.apache.velocity.runtime.resource.ResourceCacheImpl) with class java.util.Collections$SynchronizedMap cache map.
2016-12-07 10:42:01,462 - Loaded System Directive: org.apache.velocity.runtime.directive.Stop
2016-12-07 10:42:01,471 - Loaded System Directive: org.apache.velocity.runtime.directive.Define
2016-12-07 10:42:01,476 - Loaded System Directive: org.apache.velocity.runtime.directive.Break
2016-12-07 10:42:01,482 - Loaded System Directive: org.apache.velocity.runtime.directive.Evaluate
2016-12-07 10:42:01,486 - Loaded System Directive: org.apache.velocity.runtime.directive.Literal
2016-12-07 10:42:01,499 - Loaded System Directive: org.apache.velocity.runtime.directive.Macro
2016-12-07 10:42:01,507 - Loaded System Directive: org.apache.velocity.runtime.directive.Parse
2016-12-07 10:42:01,516 - Loaded System Directive: org.apache.velocity.runtime.directive.Include
2016-12-07 10:42:01,521 - Loaded System Directive: org.apache.velocity.runtime.directive.Foreach
2016-12-07 10:42:01,648 - Created '20' parsers.
2016-12-07 10:42:01,689 - Velocimacro : "velocimacro.library" is not set.  Trying default library: VM_global_library.vm
2016-12-07 10:42:01,691 - Could not load resource 'VM_global_library.vm' from ResourceLoader org.apache.velocity.runtime.resource.loader.ClasspathResourceLoader: ClasspathResourceLoader Error: cannot find resource VM_global_library.vm
2016-12-07 10:42:01,692 - Velocimacro : Default library not found.
2016-12-07 10:42:01,692 - Velocimacro : allowInline = true : VMs can be defined inline in templates
2016-12-07 10:42:01,692 - Velocimacro : allowInlineToOverride = false : VMs defined inline may NOT replace previous VM definitions
2016-12-07 10:42:01,692 - Velocimacro : allowInlineLocal = false : VMs defined inline will be global in scope if allowed.
2016-12-07 10:42:01,692 - Velocimacro : autoload off : VM system will not automatically reload global library macros
2016-12-07 10:42:01,699 - ResourceManager : unable to find resource './src/main/resources/com.infotop.vectortemplate.generator/ControllerTemplate.java' in any resource loader.
2016-12-07 11:13:38,697 - Log4JLogChute initialized using file 'velocity.log'
2016-12-07 11:13:38,698 - Initializing Velocity, Calling init()...
2016-12-07 11:13:38,698 - Starting Apache Velocity v1.7 (compiled: 2010-11-19 12:14:37)
2016-12-07 11:13:38,698 - Default Properties File: org\apache\velocity\runtime\defaults\velocity.properties
2016-12-07 11:13:38,698 - Trying to use logger class org.apache.velocity.runtime.log.AvalonLogChute
2016-12-07 11:13:38,698 - Target log system for org.apache.velocity.runtime.log.AvalonLogChute is not available (java.lang.NoClassDefFoundError: org/apache/log/format/Formatter).  Falling back to next log system...
2016-12-07 11:13:38,698 - Trying to use logger class org.apache.velocity.runtime.log.Log4JLogChute
2016-12-07 11:13:38,698 - Using logger class org.apache.velocity.runtime.log.Log4JLogChute
2016-12-07 11:13:38,706 - ResourceLoader instantiated: org.apache.velocity.runtime.resource.loader.ClasspathResourceLoader
2016-12-07 11:13:38,730 - ResourceCache: initialized (class org.apache.velocity.runtime.resource.ResourceCacheImpl) with class java.util.Collections$SynchronizedMap cache map.
2016-12-07 11:13:38,733 - Loaded System Directive: org.apache.velocity.runtime.directive.Stop
2016-12-07 11:13:38,736 - Loaded System Directive: org.apache.velocity.runtime.directive.Define
2016-12-07 11:13:38,738 - Loaded System Directive: org.apache.velocity.runtime.directive.Break
2016-12-07 11:13:38,739 - Loaded System Directive: org.apache.velocity.runtime.directive.Evaluate
2016-12-07 11:13:38,740 - Loaded System Directive: org.apache.velocity.runtime.directive.Literal
2016-12-07 11:13:38,744 - Loaded System Directive: org.apache.velocity.runtime.directive.Macro
2016-12-07 11:13:38,746 - Loaded System Directive: org.apache.velocity.runtime.directive.Parse
2016-12-07 11:13:38,748 - Loaded System Directive: org.apache.velocity.runtime.directive.Include
2016-12-07 11:13:38,750 - Loaded System Directive: org.apache.velocity.runtime.directive.Foreach
2016-12-07 11:13:38,791 - Created '20' parsers.
2016-12-07 11:13:38,806 - Velocimacro : "velocimacro.library" is not set.  Trying default library: VM_global_library.vm
2016-12-07 11:13:38,807 - Could not load resource 'VM_global_library.vm' from ResourceLoader org.apache.velocity.runtime.resource.loader.ClasspathResourceLoader: ClasspathResourceLoader Error: cannot find resource VM_global_library.vm
2016-12-07 11:13:38,807 - Velocimacro : Default library not found.
2016-12-07 11:13:38,807 - Velocimacro : allowInline = true : VMs can be defined inline in templates
2016-12-07 11:13:38,807 - Velocimacro : allowInlineToOverride = false : VMs defined inline may NOT replace previous VM definitions
2016-12-07 11:13:38,807 - Velocimacro : allowInlineLocal = false : VMs defined inline will be global in scope if allowed.
2016-12-07 11:13:38,807 - Velocimacro : autoload off : VM system will not automatically reload global library macros
2016-12-07 11:13:38,810 - ResourceManager : unable to find resource '/vectortemplate/generator/ControllerTemplate.java' in any resource loader.
2016-12-07 11:14:00,177 - Log4JLogChute initialized using file 'velocity.log'
2016-12-07 11:14:00,183 - Initializing Velocity, Calling init()...
2016-12-07 11:14:00,183 - Starting Apache Velocity v1.7 (compiled: 2010-11-19 12:14:37)
2016-12-07 11:14:00,184 - Default Properties File: org\apache\velocity\runtime\defaults\velocity.properties
2016-12-07 11:14:00,184 - Trying to use logger class org.apache.velocity.runtime.log.AvalonLogChute
2016-12-07 11:14:00,184 - Target log system for org.apache.velocity.runtime.log.AvalonLogChute is not available (java.lang.NoClassDefFoundError: org/apache/log/format/Formatter).  Falling back to next log system...
2016-12-07 11:14:00,184 - Trying to use logger class org.apache.velocity.runtime.log.Log4JLogChute
2016-12-07 11:14:00,184 - Using logger class org.apache.velocity.runtime.log.Log4JLogChute
2016-12-07 11:14:00,208 - ResourceLoader instantiated: org.apache.velocity.runtime.resource.loader.ClasspathResourceLoader
2016-12-07 11:14:00,274 - ResourceCache: initialized (class org.apache.velocity.runtime.resource.ResourceCacheImpl) with class java.util.Collections$SynchronizedMap cache map.
2016-12-07 11:14:00,285 - Loaded System Directive: org.apache.velocity.runtime.directive.Stop
2016-12-07 11:14:00,293 - Loaded System Directive: org.apache.velocity.runtime.directive.Define
2016-12-07 11:14:00,298 - Loaded System Directive: org.apache.velocity.runtime.directive.Break
2016-12-07 11:14:00,304 - Loaded System Directive: org.apache.velocity.runtime.directive.Evaluate
2016-12-07 11:14:00,309 - Loaded System Directive: org.apache.velocity.runtime.directive.Literal
2016-12-07 11:14:00,321 - Loaded System Directive: org.apache.velocity.runtime.directive.Macro
2016-12-07 11:14:00,331 - Loaded System Directive: org.apache.velocity.runtime.directive.Parse
2016-12-07 11:14:00,340 - Loaded System Directive: org.apache.velocity.runtime.directive.Include
2016-12-07 11:14:00,340 - Loaded System Directive: org.apache.velocity.runtime.directive.Foreach
2016-12-07 11:14:00,466 - Created '20' parsers.
2016-12-07 11:14:00,507 - Velocimacro : "velocimacro.library" is not set.  Trying default library: VM_global_library.vm
2016-12-07 11:14:00,509 - Could not load resource 'VM_global_library.vm' from ResourceLoader org.apache.velocity.runtime.resource.loader.ClasspathResourceLoader: ClasspathResourceLoader Error: cannot find resource VM_global_library.vm
2016-12-07 11:14:00,509 - Velocimacro : Default library not found.
2016-12-07 11:14:00,509 - Velocimacro : allowInline = true : VMs can be defined inline in templates
2016-12-07 11:14:00,509 - Velocimacro : allowInlineToOverride = false : VMs defined inline may NOT replace previous VM definitions
2016-12-07 11:14:00,509 - Velocimacro : allowInlineLocal = false : VMs defined inline will be global in scope if allowed.
2016-12-07 11:14:00,510 - Velocimacro : autoload off : VM system will not automatically reload global library macros
2016-12-07 11:14:00,517 - ResourceManager : unable to find resource '//vectortemplate/generator/ControllerTemplate.java' in any resource loader.
2016-12-08 09:33:32,897 - Log4JLogChute initialized using file 'velocity.log'
2016-12-08 09:33:32,913 - Initializing Velocity, Calling init()...
2016-12-08 09:33:32,913 - Starting Apache Velocity v1.7 (compiled: 2010-11-19 12:14:37)
2016-12-08 09:33:32,913 - Default Properties File: org\apache\velocity\runtime\defaults\velocity.properties
2016-12-08 09:33:32,913 - Trying to use logger class org.apache.velocity.runtime.log.AvalonLogChute
2016-12-08 09:33:32,913 - Target log system for org.apache.velocity.runtime.log.AvalonLogChute is not available (java.lang.NoClassDefFoundError: org/apache/log/format/Formatter).  Falling back to next log system...
2016-12-08 09:33:32,914 - Trying to use logger class org.apache.velocity.runtime.log.Log4JLogChute
2016-12-08 09:33:32,914 - Using logger class org.apache.velocity.runtime.log.Log4JLogChute
2016-12-08 09:33:32,933 - ResourceLoader instantiated: org.apache.velocity.runtime.resource.loader.ClasspathResourceLoader
2016-12-08 09:33:32,997 - ResourceCache: initialized (class org.apache.velocity.runtime.resource.ResourceCacheImpl) with class java.util.Collections$SynchronizedMap cache map.
2016-12-08 09:33:33,003 - Loaded System Directive: org.apache.velocity.runtime.directive.Stop
2016-12-08 09:33:33,010 - Loaded System Directive: org.apache.velocity.runtime.directive.Define
2016-12-08 09:33:33,010 - Loaded System Directive: org.apache.velocity.runtime.directive.Break
2016-12-08 09:33:33,026 - Loaded System Directive: org.apache.velocity.runtime.directive.Evaluate
2016-12-08 09:33:33,030 - Loaded System Directive: org.apache.velocity.runtime.directive.Literal
2016-12-08 09:33:33,037 - Loaded System Directive: org.apache.velocity.runtime.directive.Macro
2016-12-08 09:33:33,049 - Loaded System Directive: org.apache.velocity.runtime.directive.Parse
2016-12-08 09:33:33,057 - Loaded System Directive: org.apache.velocity.runtime.directive.Include
2016-12-08 09:33:33,063 - Loaded System Directive: org.apache.velocity.runtime.directive.Foreach
2016-12-08 09:33:33,187 - Created '20' parsers.
2016-12-08 09:33:33,216 - Velocimacro : "velocimacro.library" is not set.  Trying default library: VM_global_library.vm
2016-12-08 09:33:33,219 - Could not load resource 'VM_global_library.vm' from ResourceLoader org.apache.velocity.runtime.resource.loader.ClasspathResourceLoader: ClasspathResourceLoader Error: cannot find resource VM_global_library.vm
2016-12-08 09:33:33,219 - Velocimacro : Default library not found.
2016-12-08 09:33:33,219 - Velocimacro : allowInline = true : VMs can be defined inline in templates
2016-12-08 09:33:33,220 - Velocimacro : allowInlineToOverride = false : VMs defined inline may NOT replace previous VM definitions
2016-12-08 09:33:33,220 - Velocimacro : allowInlineLocal = false : VMs defined inline will be global in scope if allowed.
2016-12-08 09:33:33,220 - Velocimacro : autoload off : VM system will not automatically reload global library macros
2016-12-08 09:33:33,226 - ResourceManager : unable to find resource '/ControllerTemplate.java' in any resource loader.
2016-12-08 14:38:06,122 - Log4JLogChute initialized using file 'velocity.log'
2016-12-08 14:38:06,140 - Initializing Velocity, Calling init()...
2016-12-08 14:38:06,140 - Starting Apache Velocity v1.7 (compiled: 2010-11-19 12:14:37)
2016-12-08 14:38:06,140 - Default Properties File: org\apache\velocity\runtime\defaults\velocity.properties
2016-12-08 14:38:06,140 - Trying to use logger class org.apache.velocity.runtime.log.AvalonLogChute
2016-12-08 14:38:06,140 - Target log system for org.apache.velocity.runtime.log.AvalonLogChute is not available (java.lang.NoClassDefFoundError: org/apache/log/format/Formatter).  Falling back to next log system...
2016-12-08 14:38:06,140 - Trying to use logger class org.apache.velocity.runtime.log.Log4JLogChute
2016-12-08 14:38:06,140 - Using logger class org.apache.velocity.runtime.log.Log4JLogChute
2016-12-08 14:38:06,177 - ResourceLoader instantiated: org.apache.velocity.runtime.resource.loader.ClasspathResourceLoader
2016-12-08 14:38:06,277 - ResourceCache: initialized (class org.apache.velocity.runtime.resource.ResourceCacheImpl) with class java.util.Collections$SynchronizedMap cache map.
2016-12-08 14:38:06,288 - Loaded System Directive: org.apache.velocity.runtime.directive.Stop
2016-12-08 14:38:06,320 - Loaded System Directive: org.apache.velocity.runtime.directive.Define
2016-12-08 14:38:06,320 - Loaded System Directive: org.apache.velocity.runtime.directive.Break
2016-12-08 14:38:06,331 - Loaded System Directive: org.apache.velocity.runtime.directive.Evaluate
2016-12-08 14:38:06,331 - Loaded System Directive: org.apache.velocity.runtime.directive.Literal
2016-12-08 14:38:06,341 - Loaded System Directive: org.apache.velocity.runtime.directive.Macro
2016-12-08 14:38:06,352 - Loaded System Directive: org.apache.velocity.runtime.directive.Parse
2016-12-08 14:38:06,363 - Loaded System Directive: org.apache.velocity.runtime.directive.Include
2016-12-08 14:38:06,374 - Loaded System Directive: org.apache.velocity.runtime.directive.Foreach
2016-12-08 14:38:06,627 - Created '20' parsers.
2016-12-08 14:38:06,672 - Velocimacro : "velocimacro.library" is not set.  Trying default library: VM_global_library.vm
2016-12-08 14:38:06,672 - Could not load resource 'VM_global_library.vm' from ResourceLoader org.apache.velocity.runtime.resource.loader.ClasspathResourceLoader: ClasspathResourceLoader Error: cannot find resource VM_global_library.vm
2016-12-08 14:38:06,672 - Velocimacro : Default library not found.
2016-12-08 14:38:06,681 - Velocimacro : allowInline = true : VMs can be defined inline in templates
2016-12-08 14:38:06,681 - Velocimacro : allowInlineToOverride = false : VMs defined inline may NOT replace previous VM definitions
2016-12-08 14:38:06,683 - Velocimacro : allowInlineLocal = false : VMs defined inline will be global in scope if allowed.
2016-12-08 14:38:06,683 - Velocimacro : autoload off : VM system will not automatically reload global library macros
2016-12-08 14:38:06,685 - ResourceManager : unable to find resource '/ControllerTemplate.java' in any resource loader.
2016-12-08 14:39:48,330 - Log4JLogChute initialized using file 'velocity.log'
2016-12-08 14:39:48,334 - Initializing Velocity, Calling init()...
2016-12-08 14:39:48,334 - Starting Apache Velocity v1.7 (compiled: 2010-11-19 12:14:37)
2016-12-08 14:39:48,334 - Default Properties File: org\apache\velocity\runtime\defaults\velocity.properties
2016-12-08 14:39:48,334 - Trying to use logger class org.apache.velocity.runtime.log.AvalonLogChute
2016-12-08 14:39:48,334 - Target log system for org.apache.velocity.runtime.log.AvalonLogChute is not available (java.lang.NoClassDefFoundError: org/apache/log/format/Formatter).  Falling back to next log system...
2016-12-08 14:39:48,334 - Trying to use logger class org.apache.velocity.runtime.log.Log4JLogChute
2016-12-08 14:39:48,334 - Using logger class org.apache.velocity.runtime.log.Log4JLogChute
2016-12-08 14:39:48,398 - ResourceLoader instantiated: org.apache.velocity.runtime.resource.loader.ClasspathResourceLoader
2016-12-08 14:39:48,552 - ResourceCache: initialized (class org.apache.velocity.runtime.resource.ResourceCacheImpl) with class java.util.Collections$SynchronizedMap cache map.
2016-12-08 14:39:48,571 - Loaded System Directive: org.apache.velocity.runtime.directive.Stop
2016-12-08 14:39:48,588 - Loaded System Directive: org.apache.velocity.runtime.directive.Define
2016-12-08 14:39:48,595 - Loaded System Directive: org.apache.velocity.runtime.directive.Break
2016-12-08 14:39:48,601 - Loaded System Directive: org.apache.velocity.runtime.directive.Evaluate
2016-12-08 14:39:48,602 - Loaded System Directive: org.apache.velocity.runtime.directive.Literal
2016-12-08 14:39:48,614 - Loaded System Directive: org.apache.velocity.runtime.directive.Macro
2016-12-08 14:39:48,621 - Loaded System Directive: org.apache.velocity.runtime.directive.Parse
2016-12-08 14:39:48,633 - Loaded System Directive: org.apache.velocity.runtime.directive.Include
2016-12-08 14:39:48,643 - Loaded System Directive: org.apache.velocity.runtime.directive.Foreach
2016-12-08 14:39:48,798 - Created '20' parsers.
2016-12-08 14:39:48,839 - Velocimacro : "velocimacro.library" is not set.  Trying default library: VM_global_library.vm
2016-12-08 14:39:48,842 - Could not load resource 'VM_global_library.vm' from ResourceLoader org.apache.velocity.runtime.resource.loader.ClasspathResourceLoader: ClasspathResourceLoader Error: cannot find resource VM_global_library.vm
2016-12-08 14:39:48,842 - Velocimacro : Default library not found.
2016-12-08 14:39:48,842 - Velocimacro : allowInline = true : VMs can be defined inline in templates
2016-12-08 14:39:48,843 - Velocimacro : allowInlineToOverride = false : VMs defined inline may NOT replace previous VM definitions
2016-12-08 14:39:48,843 - Velocimacro : allowInlineLocal = false : VMs defined inline will be global in scope if allowed.
2016-12-08 14:39:48,843 - Velocimacro : autoload off : VM system will not automatically reload global library macros
2016-12-08 14:39:48,893 - ResourceManager : found /ControllerTemplate.java with loader org.apache.velocity.runtime.resource.loader.ClasspathResourceLoader
2016-12-08 14:39:48,904 - Null reference [template '/ControllerTemplate.java', line 22, column 4] : $Id cannot be resolved.
2016-12-08 14:50:30,207 - Log4JLogChute initialized using file 'velocity.log'
2016-12-08 14:50:30,217 - Initializing Velocity, Calling init()...
2016-12-08 14:50:30,217 - Starting Apache Velocity v1.7 (compiled: 2010-11-19 12:14:37)
2016-12-08 14:50:30,218 - Default Properties File: org\apache\velocity\runtime\defaults\velocity.properties
2016-12-08 14:50:30,218 - Trying to use logger class org.apache.velocity.runtime.log.AvalonLogChute
2016-12-08 14:50:30,218 - Target log system for org.apache.velocity.runtime.log.AvalonLogChute is not available (java.lang.NoClassDefFoundError: org/apache/log/format/Formatter).  Falling back to next log system...
2016-12-08 14:50:30,218 - Trying to use logger class org.apache.velocity.runtime.log.Log4JLogChute
2016-12-08 14:50:30,218 - Using logger class org.apache.velocity.runtime.log.Log4JLogChute
2016-12-08 14:50:30,246 - ResourceLoader instantiated: org.apache.velocity.runtime.resource.loader.ClasspathResourceLoader
2016-12-08 14:50:30,328 - ResourceCache: initialized (class org.apache.velocity.runtime.resource.ResourceCacheImpl) with class java.util.Collections$SynchronizedMap cache map.
2016-12-08 14:50:30,341 - Loaded System Directive: org.apache.velocity.runtime.directive.Stop
2016-12-08 14:50:30,358 - Loaded System Directive: org.apache.velocity.runtime.directive.Define
2016-12-08 14:50:30,364 - Loaded System Directive: org.apache.velocity.runtime.directive.Break
2016-12-08 14:50:30,368 - Loaded System Directive: org.apache.velocity.runtime.directive.Evaluate
2016-12-08 14:50:30,375 - Loaded System Directive: org.apache.velocity.runtime.directive.Literal
2016-12-08 14:50:30,388 - Loaded System Directive: org.apache.velocity.runtime.directive.Macro
2016-12-08 14:50:30,394 - Loaded System Directive: org.apache.velocity.runtime.directive.Parse
2016-12-08 14:50:30,408 - Loaded System Directive: org.apache.velocity.runtime.directive.Include
2016-12-08 14:50:30,432 - Loaded System Directive: org.apache.velocity.runtime.directive.Foreach
2016-12-08 14:50:30,587 - Created '20' parsers.
2016-12-08 14:50:30,623 - Velocimacro : "velocimacro.library" is not set.  Trying default library: VM_global_library.vm
2016-12-08 14:50:30,626 - Could not load resource 'VM_global_library.vm' from ResourceLoader org.apache.velocity.runtime.resource.loader.ClasspathResourceLoader: ClasspathResourceLoader Error: cannot find resource VM_global_library.vm
2016-12-08 14:50:30,626 - Velocimacro : Default library not found.
2016-12-08 14:50:30,626 - Velocimacro : allowInline = true : VMs can be defined inline in templates
2016-12-08 14:50:30,626 - Velocimacro : allowInlineToOverride = false : VMs defined inline may NOT replace previous VM definitions
2016-12-08 14:50:30,626 - Velocimacro : allowInlineLocal = false : VMs defined inline will be global in scope if allowed.
2016-12-08 14:50:30,626 - Velocimacro : autoload off : VM system will not automatically reload global library macros
2016-12-08 14:50:30,636 - ResourceManager : unable to find resource '/ControllerTemplate.java' in any resource loader.
2016-12-08 15:52:38,420 - Log4JLogChute initialized using file 'velocity.log'
2016-12-08 15:52:38,424 - Initializing Velocity, Calling init()...
2016-12-08 15:52:38,424 - Starting Apache Velocity v1.7 (compiled: 2010-11-19 12:14:37)
2016-12-08 15:52:38,424 - Default Properties File: org\apache\velocity\runtime\defaults\velocity.properties
2016-12-08 15:52:38,424 - Trying to use logger class org.apache.velocity.runtime.log.AvalonLogChute
2016-12-08 15:52:38,424 - Target log system for org.apache.velocity.runtime.log.AvalonLogChute is not available (java.lang.NoClassDefFoundError: org/apache/log/format/Formatter).  Falling back to next log system...
2016-12-08 15:52:38,424 - Trying to use logger class org.apache.velocity.runtime.log.Log4JLogChute
2016-12-08 15:52:38,424 - Using logger class org.apache.velocity.runtime.log.Log4JLogChute
2016-12-08 15:52:38,452 - ResourceLoader instantiated: org.apache.velocity.runtime.resource.loader.ClasspathResourceLoader
2016-12-08 15:52:38,528 - ResourceCache: initialized (class org.apache.velocity.runtime.resource.ResourceCacheImpl) with class java.util.Collections$SynchronizedMap cache map.
2016-12-08 15:52:38,539 - Loaded System Directive: org.apache.velocity.runtime.directive.Stop
2016-12-08 15:52:38,539 - Loaded System Directive: org.apache.velocity.runtime.directive.Define
2016-12-08 15:52:38,539 - Loaded System Directive: org.apache.velocity.runtime.directive.Break
2016-12-08 15:52:38,552 - Loaded System Directive: org.apache.velocity.runtime.directive.Evaluate
2016-12-08 15:52:38,560 - Loaded System Directive: org.apache.velocity.runtime.directive.Literal
2016-12-08 15:52:38,592 - Loaded System Directive: org.apache.velocity.runtime.directive.Macro
2016-12-08 15:52:38,603 - Loaded System Directive: org.apache.velocity.runtime.directive.Parse
2016-12-08 15:52:38,603 - Loaded System Directive: org.apache.velocity.runtime.directive.Include
2016-12-08 15:52:38,603 - Loaded System Directive: org.apache.velocity.runtime.directive.Foreach
2016-12-08 15:52:38,840 - Created '20' parsers.
2016-12-08 15:52:38,877 - Velocimacro : "velocimacro.library" is not set.  Trying default library: VM_global_library.vm
2016-12-08 15:52:38,877 - Could not load resource 'VM_global_library.vm' from ResourceLoader org.apache.velocity.runtime.resource.loader.ClasspathResourceLoader: ClasspathResourceLoader Error: cannot find resource VM_global_library.vm
2016-12-08 15:52:38,877 - Velocimacro : Default library not found.
2016-12-08 15:52:38,877 - Velocimacro : allowInline = true : VMs can be defined inline in templates
2016-12-08 15:52:38,877 - Velocimacro : allowInlineToOverride = false : VMs defined inline may NOT replace previous VM definitions
2016-12-08 15:52:38,877 - Velocimacro : allowInlineLocal = false : VMs defined inline will be global in scope if allowed.
2016-12-08 15:52:38,877 - Velocimacro : autoload off : VM system will not automatically reload global library macros
2016-12-08 15:52:38,896 - ResourceManager : unable to find resource 'is' in any resource loader.
2016-12-09 13:39:13,791 - Log4JLogChute initialized using file 'velocity.log'
2016-12-09 13:39:13,844 - Initializing Velocity, Calling init()...
2016-12-09 13:39:13,844 - Starting Apache Velocity v1.7 (compiled: 2010-11-19 12:14:37)
2016-12-09 13:39:13,844 - Default Properties File: org\apache\velocity\runtime\defaults\velocity.properties
2016-12-09 13:39:13,844 - Trying to use logger class org.apache.velocity.runtime.log.AvalonLogChute
2016-12-09 13:39:13,844 - Target log system for org.apache.velocity.runtime.log.AvalonLogChute is not available (java.lang.NoClassDefFoundError: org/apache/log/format/Formatter).  Falling back to next log system...
2016-12-09 13:39:13,844 - Trying to use logger class org.apache.velocity.runtime.log.Log4JLogChute
2016-12-09 13:39:13,844 - Using logger class org.apache.velocity.runtime.log.Log4JLogChute
2016-12-09 13:39:13,880 - ResourceLoader instantiated: org.apache.velocity.runtime.resource.loader.ClasspathResourceLoader
2016-12-09 13:39:13,940 - ResourceCache: initialized (class org.apache.velocity.runtime.resource.ResourceCacheImpl) with class java.util.Collections$SynchronizedMap cache map.
2016-12-09 13:39:13,950 - Loaded System Directive: org.apache.velocity.runtime.directive.Stop
2016-12-09 13:39:13,950 - Loaded System Directive: org.apache.velocity.runtime.directive.Define
2016-12-09 13:39:13,961 - Loaded System Directive: org.apache.velocity.runtime.directive.Break
2016-12-09 13:39:13,967 - Loaded System Directive: org.apache.velocity.runtime.directive.Evaluate
2016-12-09 13:39:13,971 - Loaded System Directive: org.apache.velocity.runtime.directive.Literal
2016-12-09 13:39:13,982 - Loaded System Directive: org.apache.velocity.runtime.directive.Macro
2016-12-09 13:39:14,008 - Loaded System Directive: org.apache.velocity.runtime.directive.Parse
2016-12-09 13:39:14,016 - Loaded System Directive: org.apache.velocity.runtime.directive.Include
2016-12-09 13:39:14,016 - Loaded System Directive: org.apache.velocity.runtime.directive.Foreach
2016-12-09 13:39:14,145 - Created '20' parsers.
2016-12-09 13:39:14,170 - Velocimacro : "velocimacro.library" is not set.  Trying default library: VM_global_library.vm
2016-12-09 13:39:14,170 - Could not load resource 'VM_global_library.vm' from ResourceLoader org.apache.velocity.runtime.resource.loader.ClasspathResourceLoader: ClasspathResourceLoader Error: cannot find resource VM_global_library.vm
2016-12-09 13:39:14,171 - Velocimacro : Default library not found.
2016-12-09 13:39:14,172 - Velocimacro : allowInline = true : VMs can be defined inline in templates
2016-12-09 13:39:14,172 - Velocimacro : allowInlineToOverride = false : VMs defined inline may NOT replace previous VM definitions
2016-12-09 13:39:14,172 - Velocimacro : allowInlineLocal = false : VMs defined inline will be global in scope if allowed.
2016-12-09 13:39:14,172 - Velocimacro : autoload off : VM system will not automatically reload global library macros
2016-12-09 13:39:14,189 - ResourceManager : unable to find resource '/ControllerTemplate.java' in any resource loader.
2016-12-09 13:40:53,458 - Log4JLogChute initialized using file 'velocity.log'
2016-12-09 13:40:53,458 - Initializing Velocity, Calling init()...
2016-12-09 13:40:53,458 - Starting Apache Velocity v1.7 (compiled: 2010-11-19 12:14:37)
2016-12-09 13:40:53,458 - Default Properties File: org\apache\velocity\runtime\defaults\velocity.properties
2016-12-09 13:40:53,458 - Trying to use logger class org.apache.velocity.runtime.log.AvalonLogChute
2016-12-09 13:40:53,458 - Target log system for org.apache.velocity.runtime.log.AvalonLogChute is not available (java.lang.NoClassDefFoundError: org/apache/log/format/Formatter).  Falling back to next log system...
2016-12-09 13:40:53,458 - Trying to use logger class org.apache.velocity.runtime.log.Log4JLogChute
2016-12-09 13:40:53,458 - Using logger class org.apache.velocity.runtime.log.Log4JLogChute
2016-12-09 13:40:53,492 - ResourceLoader instantiated: org.apache.velocity.runtime.resource.loader.ClasspathResourceLoader
2016-12-09 13:40:53,564 - ResourceCache: initialized (class org.apache.velocity.runtime.resource.ResourceCacheImpl) with class java.util.Collections$SynchronizedMap cache map.
2016-12-09 13:40:53,611 - Loaded System Directive: org.apache.velocity.runtime.directive.Stop
2016-12-09 13:40:53,620 - Loaded System Directive: org.apache.velocity.runtime.directive.Define
2016-12-09 13:40:53,625 - Loaded System Directive: org.apache.velocity.runtime.directive.Break
2016-12-09 13:40:53,629 - Loaded System Directive: org.apache.velocity.runtime.directive.Evaluate
2016-12-09 13:40:53,633 - Loaded System Directive: org.apache.velocity.runtime.directive.Literal
2016-12-09 13:40:53,643 - Loaded System Directive: org.apache.velocity.runtime.directive.Macro
2016-12-09 13:40:53,652 - Loaded System Directive: org.apache.velocity.runtime.directive.Parse
2016-12-09 13:40:53,661 - Loaded System Directive: org.apache.velocity.runtime.directive.Include
2016-12-09 13:40:53,661 - Loaded System Directive: org.apache.velocity.runtime.directive.Foreach
2016-12-09 13:40:53,801 - Created '20' parsers.
2016-12-09 13:40:53,838 - Velocimacro : "velocimacro.library" is not set.  Trying default library: VM_global_library.vm
2016-12-09 13:40:53,841 - Could not load resource 'VM_global_library.vm' from ResourceLoader org.apache.velocity.runtime.resource.loader.ClasspathResourceLoader: ClasspathResourceLoader Error: cannot find resource VM_global_library.vm
2016-12-09 13:40:53,841 - Velocimacro : Default library not found.
2016-12-09 13:40:53,841 - Velocimacro : allowInline = true : VMs can be defined inline in templates
2016-12-09 13:40:53,841 - Velocimacro : allowInlineToOverride = false : VMs defined inline may NOT replace previous VM definitions
2016-12-09 13:40:53,841 - Velocimacro : allowInlineLocal = false : VMs defined inline will be global in scope if allowed.
2016-12-09 13:40:53,841 - Velocimacro : autoload off : VM system will not automatically reload global library macros
2016-12-09 13:40:53,850 - ResourceManager : unable to find resource '/ControllerTemplate.java' in any resource loader.
2016-12-09 13:54:55,514 - Log4JLogChute initialized using file 'velocity.log'
2016-12-09 13:54:55,520 - Initializing Velocity, Calling init()...
2016-12-09 13:54:55,520 - Starting Apache Velocity v1.7 (compiled: 2010-11-19 12:14:37)
2016-12-09 13:54:55,520 - Default Properties File: org\apache\velocity\runtime\defaults\velocity.properties
2016-12-09 13:54:55,520 - Trying to use logger class org.apache.velocity.runtime.log.AvalonLogChute
2016-12-09 13:54:55,520 - Target log system for org.apache.velocity.runtime.log.AvalonLogChute is not available (java.lang.NoClassDefFoundError: org/apache/log/format/Formatter).  Falling back to next log system...
2016-12-09 13:54:55,521 - Trying to use logger class org.apache.velocity.runtime.log.Log4JLogChute
2016-12-09 13:54:55,521 - Using logger class org.apache.velocity.runtime.log.Log4JLogChute
2016-12-09 13:54:55,549 - ResourceLoader instantiated: org.apache.velocity.runtime.resource.loader.ClasspathResourceLoader
2016-12-09 13:54:55,608 - ResourceCache: initialized (class org.apache.velocity.runtime.resource.ResourceCacheImpl) with class java.util.Collections$SynchronizedMap cache map.
2016-12-09 13:54:55,615 - Loaded System Directive: org.apache.velocity.runtime.directive.Stop
2016-12-09 13:54:55,629 - Loaded System Directive: org.apache.velocity.runtime.directive.Define
2016-12-09 13:54:55,637 - Loaded System Directive: org.apache.velocity.runtime.directive.Break
2016-12-09 13:54:55,642 - Loaded System Directive: org.apache.velocity.runtime.directive.Evaluate
2016-12-09 13:54:55,645 - Loaded System Directive: org.apache.velocity.runtime.directive.Literal
2016-12-09 13:54:55,655 - Loaded System Directive: org.apache.velocity.runtime.directive.Macro
2016-12-09 13:54:55,663 - Loaded System Directive: org.apache.velocity.runtime.directive.Parse
2016-12-09 13:54:55,670 - Loaded System Directive: org.apache.velocity.runtime.directive.Include
2016-12-09 13:54:55,675 - Loaded System Directive: org.apache.velocity.runtime.directive.Foreach
2016-12-09 13:54:55,785 - Created '20' parsers.
2016-12-09 13:54:55,817 - Velocimacro : "velocimacro.library" is not set.  Trying default library: VM_global_library.vm
2016-12-09 13:54:55,819 - Could not load resource 'VM_global_library.vm' from ResourceLoader org.apache.velocity.runtime.resource.loader.ClasspathResourceLoader: ClasspathResourceLoader Error: cannot find resource VM_global_library.vm
2016-12-09 13:54:55,819 - Velocimacro : Default library not found.
2016-12-09 13:54:55,819 - Velocimacro : allowInline = true : VMs can be defined inline in templates
2016-12-09 13:54:55,820 - Velocimacro : allowInlineToOverride = false : VMs defined inline may NOT replace previous VM definitions
2016-12-09 13:54:55,820 - Velocimacro : allowInlineLocal = false : VMs defined inline will be global in scope if allowed.
2016-12-09 13:54:55,820 - Velocimacro : autoload off : VM system will not automatically reload global library macros
2016-12-09 13:54:55,826 - ResourceManager : unable to find resource 'config/ControllerTemplate.java' in any resource loader.
2016-12-09 13:59:24,611 - Log4JLogChute initialized using file 'velocity.log'
2016-12-09 13:59:24,614 - Initializing Velocity, Calling init()...
2016-12-09 13:59:24,614 - Starting Apache Velocity v1.7 (compiled: 2010-11-19 12:14:37)
2016-12-09 13:59:24,614 - Default Properties File: org\apache\velocity\runtime\defaults\velocity.properties
2016-12-09 13:59:24,614 - Trying to use logger class org.apache.velocity.runtime.log.AvalonLogChute
2016-12-09 13:59:24,614 - Target log system for org.apache.velocity.runtime.log.AvalonLogChute is not available (java.lang.NoClassDefFoundError: org/apache/log/format/Formatter).  Falling back to next log system...
2016-12-09 13:59:24,614 - Trying to use logger class org.apache.velocity.runtime.log.Log4JLogChute
2016-12-09 13:59:24,614 - Using logger class org.apache.velocity.runtime.log.Log4JLogChute
2016-12-09 13:59:24,656 - ResourceLoader instantiated: org.apache.velocity.runtime.resource.loader.ClasspathResourceLoader
2016-12-09 13:59:24,735 - ResourceCache: initialized (class org.apache.velocity.runtime.resource.ResourceCacheImpl) with class java.util.Collections$SynchronizedMap cache map.
2016-12-09 13:59:24,747 - Loaded System Directive: org.apache.velocity.runtime.directive.Stop
2016-12-09 13:59:24,754 - Loaded System Directive: org.apache.velocity.runtime.directive.Define
2016-12-09 13:59:24,759 - Loaded System Directive: org.apache.velocity.runtime.directive.Break
2016-12-09 13:59:24,760 - Loaded System Directive: org.apache.velocity.runtime.directive.Evaluate
2016-12-09 13:59:24,765 - Loaded System Directive: org.apache.velocity.runtime.directive.Literal
2016-12-09 13:59:24,777 - Loaded System Directive: org.apache.velocity.runtime.directive.Macro
2016-12-09 13:59:24,785 - Loaded System Directive: org.apache.velocity.runtime.directive.Parse
2016-12-09 13:59:24,792 - Loaded System Directive: org.apache.velocity.runtime.directive.Include
2016-12-09 13:59:24,798 - Loaded System Directive: org.apache.velocity.runtime.directive.Foreach
2016-12-09 13:59:24,940 - Created '20' parsers.
2016-12-09 13:59:24,981 - Velocimacro : "velocimacro.library" is not set.  Trying default library: VM_global_library.vm
2016-12-09 13:59:24,998 - Could not load resource 'VM_global_library.vm' from ResourceLoader org.apache.velocity.runtime.resource.loader.ClasspathResourceLoader: ClasspathResourceLoader Error: cannot find resource VM_global_library.vm
2016-12-09 13:59:24,998 - Velocimacro : Default library not found.
2016-12-09 13:59:24,998 - Velocimacro : allowInline = true : VMs can be defined inline in templates
2016-12-09 13:59:24,998 - Velocimacro : allowInlineToOverride = false : VMs defined inline may NOT replace previous VM definitions
2016-12-09 13:59:24,998 - Velocimacro : allowInlineLocal = false : VMs defined inline will be global in scope if allowed.
2016-12-09 13:59:24,998 - Velocimacro : autoload off : VM system will not automatically reload global library macros
2016-12-09 13:59:25,006 - ResourceManager : unable to find resource 'config/ControllerTemplate.java' in any resource loader.
2016-12-09 14:00:47,137 - Log4JLogChute initialized using file 'velocity.log'
2016-12-09 14:00:47,143 - Initializing Velocity, Calling init()...
2016-12-09 14:00:47,143 - Starting Apache Velocity v1.7 (compiled: 2010-11-19 12:14:37)
2016-12-09 14:00:47,143 - Default Properties File: org\apache\velocity\runtime\defaults\velocity.properties
2016-12-09 14:00:47,143 - Trying to use logger class org.apache.velocity.runtime.log.AvalonLogChute
2016-12-09 14:00:47,143 - Target log system for org.apache.velocity.runtime.log.AvalonLogChute is not available (java.lang.NoClassDefFoundError: org/apache/log/format/Formatter).  Falling back to next log system...
2016-12-09 14:00:47,143 - Trying to use logger class org.apache.velocity.runtime.log.Log4JLogChute
2016-12-09 14:00:47,143 - Using logger class org.apache.velocity.runtime.log.Log4JLogChute
2016-12-09 14:00:47,168 - ResourceLoader instantiated: org.apache.velocity.runtime.resource.loader.ClasspathResourceLoader
2016-12-09 14:00:47,252 - ResourceCache: initialized (class org.apache.velocity.runtime.resource.ResourceCacheImpl) with class java.util.Collections$SynchronizedMap cache map.
2016-12-09 14:00:47,275 - Loaded System Directive: org.apache.velocity.runtime.directive.Stop
2016-12-09 14:00:47,285 - Loaded System Directive: org.apache.velocity.runtime.directive.Define
2016-12-09 14:00:47,290 - Loaded System Directive: org.apache.velocity.runtime.directive.Break
2016-12-09 14:00:47,294 - Loaded System Directive: org.apache.velocity.runtime.directive.Evaluate
2016-12-09 14:00:47,300 - Loaded System Directive: org.apache.velocity.runtime.directive.Literal
2016-12-09 14:00:47,307 - Loaded System Directive: org.apache.velocity.runtime.directive.Macro
2016-12-09 14:00:47,322 - Loaded System Directive: org.apache.velocity.runtime.directive.Parse
2016-12-09 14:00:47,329 - Loaded System Directive: org.apache.velocity.runtime.directive.Include
2016-12-09 14:00:47,334 - Loaded System Directive: org.apache.velocity.runtime.directive.Foreach
2016-12-09 14:00:47,444 - Created '20' parsers.
2016-12-09 14:00:47,469 - Velocimacro : "velocimacro.library" is not set.  Trying default library: VM_global_library.vm
2016-12-09 14:00:47,470 - Could not load resource 'VM_global_library.vm' from ResourceLoader org.apache.velocity.runtime.resource.loader.ClasspathResourceLoader: ClasspathResourceLoader Error: cannot find resource VM_global_library.vm
2016-12-09 14:00:47,471 - Velocimacro : Default library not found.
2016-12-09 14:00:47,471 - Velocimacro : allowInline = true : VMs can be defined inline in templates
2016-12-09 14:00:47,471 - Velocimacro : allowInlineToOverride = false : VMs defined inline may NOT replace previous VM definitions
2016-12-09 14:00:47,471 - Velocimacro : allowInlineLocal = false : VMs defined inline will be global in scope if allowed.
2016-12-09 14:00:47,471 - Velocimacro : autoload off : VM system will not automatically reload global library macros
2016-12-09 14:00:47,476 - ResourceManager : unable to find resource 'InfoCMS/ControllerTemplate.java' in any resource loader.
2016-12-09 14:05:34,209 - Log4JLogChute initialized using file 'velocity.log'
2016-12-09 14:05:34,216 - Initializing Velocity, Calling init()...
2016-12-09 14:05:34,216 - Starting Apache Velocity v1.7 (compiled: 2010-11-19 12:14:37)
2016-12-09 14:05:34,216 - Default Properties File: org\apache\velocity\runtime\defaults\velocity.properties
2016-12-09 14:05:34,217 - Trying to use logger class org.apache.velocity.runtime.log.AvalonLogChute
2016-12-09 14:05:34,217 - Target log system for org.apache.velocity.runtime.log.AvalonLogChute is not available (java.lang.NoClassDefFoundError: org/apache/log/format/Formatter).  Falling back to next log system...
2016-12-09 14:05:34,217 - Trying to use logger class org.apache.velocity.runtime.log.Log4JLogChute
2016-12-09 14:05:34,217 - Using logger class org.apache.velocity.runtime.log.Log4JLogChute
2016-12-09 14:05:34,240 - ResourceLoader instantiated: org.apache.velocity.runtime.resource.loader.ClasspathResourceLoader
2016-12-09 14:05:34,324 - ResourceCache: initialized (class org.apache.velocity.runtime.resource.ResourceCacheImpl) with class java.util.Collections$SynchronizedMap cache map.
2016-12-09 14:05:34,331 - Loaded System Directive: org.apache.velocity.runtime.directive.Stop
2016-12-09 14:05:34,349 - Loaded System Directive: org.apache.velocity.runtime.directive.Define
2016-12-09 14:05:34,356 - Loaded System Directive: org.apache.velocity.runtime.directive.Break
2016-12-09 14:05:34,360 - Loaded System Directive: org.apache.velocity.runtime.directive.Evaluate
2016-12-09 14:05:34,380 - Loaded System Directive: org.apache.velocity.runtime.directive.Literal
2016-12-09 14:05:34,409 - Loaded System Directive: org.apache.velocity.runtime.directive.Macro
2016-12-09 14:05:34,422 - Loaded System Directive: org.apache.velocity.runtime.directive.Parse
2016-12-09 14:05:34,431 - Loaded System Directive: org.apache.velocity.runtime.directive.Include
2016-12-09 14:05:34,433 - Loaded System Directive: org.apache.velocity.runtime.directive.Foreach
2016-12-09 14:05:34,587 - Created '20' parsers.
2016-12-09 14:05:34,641 - Velocimacro : "velocimacro.library" is not set.  Trying default library: VM_global_library.vm
2016-12-09 14:05:34,644 - Could not load resource 'VM_global_library.vm' from ResourceLoader org.apache.velocity.runtime.resource.loader.ClasspathResourceLoader: ClasspathResourceLoader Error: cannot find resource VM_global_library.vm
2016-12-09 14:05:34,644 - Velocimacro : Default library not found.
2016-12-09 14:05:34,645 - Velocimacro : allowInline = true : VMs can be defined inline in templates
2016-12-09 14:05:34,645 - Velocimacro : allowInlineToOverride = false : VMs defined inline may NOT replace previous VM definitions
2016-12-09 14:05:34,645 - Velocimacro : allowInlineLocal = false : VMs defined inline will be global in scope if allowed.
2016-12-09 14:05:34,645 - Velocimacro : autoload off : VM system will not automatically reload global library macros
2016-12-09 14:05:34,646 - ResourceManager : unable to find resource 'ControllerTemplate.java' in any resource loader.
2016-12-09 14:06:13,658 - Log4JLogChute initialized using file 'velocity.log'
2016-12-09 14:06:13,676 - Initializing Velocity, Calling init()...
2016-12-09 14:06:13,676 - Starting Apache Velocity v1.7 (compiled: 2010-11-19 12:14:37)
2016-12-09 14:06:13,676 - Default Properties File: org\apache\velocity\runtime\defaults\velocity.properties
2016-12-09 14:06:13,676 - Trying to use logger class org.apache.velocity.runtime.log.AvalonLogChute
2016-12-09 14:06:13,676 - Target log system for org.apache.velocity.runtime.log.AvalonLogChute is not available (java.lang.NoClassDefFoundError: org/apache/log/format/Formatter).  Falling back to next log system...
2016-12-09 14:06:13,676 - Trying to use logger class org.apache.velocity.runtime.log.Log4JLogChute
2016-12-09 14:06:13,676 - Using logger class org.apache.velocity.runtime.log.Log4JLogChute
2016-12-09 14:06:13,719 - ResourceLoader instantiated: org.apache.velocity.runtime.resource.loader.ClasspathResourceLoader
2016-12-09 14:06:13,815 - ResourceCache: initialized (class org.apache.velocity.runtime.resource.ResourceCacheImpl) with class java.util.Collections$SynchronizedMap cache map.
2016-12-09 14:06:13,828 - Loaded System Directive: org.apache.velocity.runtime.directive.Stop
2016-12-09 14:06:13,833 - Loaded System Directive: org.apache.velocity.runtime.directive.Define
2016-12-09 14:06:13,838 - Loaded System Directive: org.apache.velocity.runtime.directive.Break
2016-12-09 14:06:13,838 - Loaded System Directive: org.apache.velocity.runtime.directive.Evaluate
2016-12-09 14:06:13,849 - Loaded System Directive: org.apache.velocity.runtime.directive.Literal
2016-12-09 14:06:13,860 - Loaded System Directive: org.apache.velocity.runtime.directive.Macro
2016-12-09 14:06:13,881 - Loaded System Directive: org.apache.velocity.runtime.directive.Parse
2016-12-09 14:06:13,891 - Loaded System Directive: org.apache.velocity.runtime.directive.Include
2016-12-09 14:06:13,921 - Loaded System Directive: org.apache.velocity.runtime.directive.Foreach
2016-12-09 14:06:14,081 - Created '20' parsers.
2016-12-09 14:06:14,118 - Velocimacro : "velocimacro.library" is not set.  Trying default library: VM_global_library.vm
2016-12-09 14:06:14,121 - Could not load resource 'VM_global_library.vm' from ResourceLoader org.apache.velocity.runtime.resource.loader.ClasspathResourceLoader: ClasspathResourceLoader Error: cannot find resource VM_global_library.vm
2016-12-09 14:06:14,121 - Velocimacro : Default library not found.
2016-12-09 14:06:14,121 - Velocimacro : allowInline = true : VMs can be defined inline in templates
2016-12-09 14:06:14,122 - Velocimacro : allowInlineToOverride = false : VMs defined inline may NOT replace previous VM definitions
2016-12-09 14:06:14,122 - Velocimacro : allowInlineLocal = false : VMs defined inline will be global in scope if allowed.
2016-12-09 14:06:14,122 - Velocimacro : autoload off : VM system will not automatically reload global library macros
2016-12-09 14:06:14,134 - ResourceManager : unable to find resource 'D:\Workspace-Spring\InfoCMS\src\main\resources\ControllerTemplate.java' in any resource loader.
2016-12-09 14:23:10,882 - Log4JLogChute initialized using file 'velocity.log'
2016-12-09 14:23:10,884 - Initializing Velocity, Calling init()...
2016-12-09 14:23:10,884 - Starting Apache Velocity v1.7 (compiled: 2010-11-19 12:14:37)
2016-12-09 14:23:10,884 - Default Properties File: org\apache\velocity\runtime\defaults\velocity.properties
2016-12-09 14:23:10,884 - Trying to use logger class org.apache.velocity.runtime.log.AvalonLogChute
2016-12-09 14:23:10,884 - Target log system for org.apache.velocity.runtime.log.AvalonLogChute is not available (java.lang.NoClassDefFoundError: org/apache/log/format/Formatter).  Falling back to next log system...
2016-12-09 14:23:10,884 - Trying to use logger class org.apache.velocity.runtime.log.Log4JLogChute
2016-12-09 14:23:10,884 - Using logger class org.apache.velocity.runtime.log.Log4JLogChute
2016-12-09 14:23:10,892 - ResourceLoader instantiated: org.apache.velocity.runtime.resource.loader.ClasspathResourceLoader
2016-12-09 14:23:10,911 - ResourceCache: initialized (class org.apache.velocity.runtime.resource.ResourceCacheImpl) with class java.util.Collections$SynchronizedMap cache map.
2016-12-09 14:23:10,916 - Loaded System Directive: org.apache.velocity.runtime.directive.Stop
2016-12-09 14:23:10,918 - Loaded System Directive: org.apache.velocity.runtime.directive.Define
2016-12-09 14:23:10,919 - Loaded System Directive: org.apache.velocity.runtime.directive.Break
2016-12-09 14:23:10,922 - Loaded System Directive: org.apache.velocity.runtime.directive.Evaluate
2016-12-09 14:23:10,922 - Loaded System Directive: org.apache.velocity.runtime.directive.Literal
2016-12-09 14:23:10,922 - Loaded System Directive: org.apache.velocity.runtime.directive.Macro
2016-12-09 14:23:10,925 - Loaded System Directive: org.apache.velocity.runtime.directive.Parse
2016-12-09 14:23:10,925 - Loaded System Directive: org.apache.velocity.runtime.directive.Include
2016-12-09 14:23:10,925 - Loaded System Directive: org.apache.velocity.runtime.directive.Foreach
2016-12-09 14:23:10,974 - Created '20' parsers.
2016-12-09 14:23:10,987 - Velocimacro : "velocimacro.library" is not set.  Trying default library: VM_global_library.vm
2016-12-09 14:23:10,988 - Could not load resource 'VM_global_library.vm' from ResourceLoader org.apache.velocity.runtime.resource.loader.ClasspathResourceLoader: ClasspathResourceLoader Error: cannot find resource VM_global_library.vm
2016-12-09 14:23:10,988 - Velocimacro : Default library not found.
2016-12-09 14:23:10,988 - Velocimacro : allowInline = true : VMs can be defined inline in templates
2016-12-09 14:23:10,988 - Velocimacro : allowInlineToOverride = false : VMs defined inline may NOT replace previous VM definitions
2016-12-09 14:23:10,988 - Velocimacro : allowInlineLocal = false : VMs defined inline will be global in scope if allowed.
2016-12-09 14:23:10,988 - Velocimacro : autoload off : VM system will not automatically reload global library macros
2016-12-09 14:23:10,993 - ResourceManager : unable to find resource 'D:\Workspace-Spring\InfoCMS\src\main\resources\config\ControllerTemplate.java' in any resource loader.
2016-12-09 15:18:54,489 - Log4JLogChute initialized using file 'velocity.log'
2016-12-09 15:18:54,495 - Initializing Velocity, Calling init()...
2016-12-09 15:18:54,496 - Starting Apache Velocity v1.7 (compiled: 2010-11-19 12:14:37)
2016-12-09 15:18:54,496 - Default Properties File: org\apache\velocity\runtime\defaults\velocity.properties
2016-12-09 15:18:54,496 - Trying to use logger class org.apache.velocity.runtime.log.AvalonLogChute
2016-12-09 15:18:54,496 - Target log system for org.apache.velocity.runtime.log.AvalonLogChute is not available (java.lang.NoClassDefFoundError: org/apache/log/format/Formatter).  Falling back to next log system...
2016-12-09 15:18:54,496 - Trying to use logger class org.apache.velocity.runtime.log.Log4JLogChute
2016-12-09 15:18:54,496 - Using logger class org.apache.velocity.runtime.log.Log4JLogChute
2016-12-09 15:18:54,518 - ResourceLoader instantiated: org.apache.velocity.runtime.resource.loader.ClasspathResourceLoader
2016-12-09 15:18:54,576 - ResourceCache: initialized (class org.apache.velocity.runtime.resource.ResourceCacheImpl) with class java.util.Collections$SynchronizedMap cache map.
2016-12-09 15:18:54,608 - Loaded System Directive: org.apache.velocity.runtime.directive.Stop
2016-12-09 15:18:54,618 - Loaded System Directive: org.apache.velocity.runtime.directive.Define
2016-12-09 15:18:54,620 - Loaded System Directive: org.apache.velocity.runtime.directive.Break
2016-12-09 15:18:54,626 - Loaded System Directive: org.apache.velocity.runtime.directive.Evaluate
2016-12-09 15:18:54,635 - Loaded System Directive: org.apache.velocity.runtime.directive.Literal
2016-12-09 15:18:54,639 - Loaded System Directive: org.apache.velocity.runtime.directive.Macro
2016-12-09 15:18:54,653 - Loaded System Directive: org.apache.velocity.runtime.directive.Parse
2016-12-09 15:18:54,661 - Loaded System Directive: org.apache.velocity.runtime.directive.Include
2016-12-09 15:18:54,666 - Loaded System Directive: org.apache.velocity.runtime.directive.Foreach
2016-12-09 15:18:54,823 - Created '20' parsers.
2016-12-09 15:18:54,867 - Velocimacro : "velocimacro.library" is not set.  Trying default library: VM_global_library.vm
2016-12-09 15:18:54,870 - Could not load resource 'VM_global_library.vm' from ResourceLoader org.apache.velocity.runtime.resource.loader.ClasspathResourceLoader: ClasspathResourceLoader Error: cannot find resource VM_global_library.vm
2016-12-09 15:18:54,870 - Velocimacro : Default library not found.
2016-12-09 15:18:54,871 - Velocimacro : allowInline = true : VMs can be defined inline in templates
2016-12-09 15:18:54,871 - Velocimacro : allowInlineToOverride = false : VMs defined inline may NOT replace previous VM definitions
2016-12-09 15:18:54,871 - Velocimacro : allowInlineLocal = false : VMs defined inline will be global in scope if allowed.
2016-12-09 15:18:54,872 - Velocimacro : autoload off : VM system will not automatically reload global library macros
2016-12-09 15:18:54,886 - ResourceManager : unable to find resource 'D:\Workspace-Spring\InfoCMS\src\main\resources\config\ControllerTemplate.java' in any resource loader.
2016-12-09 15:21:47,797 - Log4JLogChute initialized using file 'velocity.log'
2016-12-09 15:21:47,821 - Initializing Velocity, Calling init()...
2016-12-09 15:21:47,821 - Starting Apache Velocity v1.7 (compiled: 2010-11-19 12:14:37)
2016-12-09 15:21:47,821 - Default Properties File: org\apache\velocity\runtime\defaults\velocity.properties
2016-12-09 15:21:47,822 - Trying to use logger class org.apache.velocity.runtime.log.AvalonLogChute
2016-12-09 15:21:47,822 - Target log system for org.apache.velocity.runtime.log.AvalonLogChute is not available (java.lang.NoClassDefFoundError: org/apache/log/format/Formatter).  Falling back to next log system...
2016-12-09 15:21:47,822 - Trying to use logger class org.apache.velocity.runtime.log.Log4JLogChute
2016-12-09 15:21:47,822 - Using logger class org.apache.velocity.runtime.log.Log4JLogChute
2016-12-09 15:21:47,853 - ResourceLoader instantiated: org.apache.velocity.runtime.resource.loader.ClasspathResourceLoader
2016-12-09 15:21:47,925 - ResourceCache: initialized (class org.apache.velocity.runtime.resource.ResourceCacheImpl) with class java.util.Collections$SynchronizedMap cache map.
2016-12-09 15:21:47,938 - Loaded System Directive: org.apache.velocity.runtime.directive.Stop
2016-12-09 15:21:47,949 - Loaded System Directive: org.apache.velocity.runtime.directive.Define
2016-12-09 15:21:47,952 - Loaded System Directive: org.apache.velocity.runtime.directive.Break
2016-12-09 15:21:47,959 - Loaded System Directive: org.apache.velocity.runtime.directive.Evaluate
2016-12-09 15:21:47,972 - Loaded System Directive: org.apache.velocity.runtime.directive.Literal
2016-12-09 15:21:47,994 - Loaded System Directive: org.apache.velocity.runtime.directive.Macro
2016-12-09 15:21:47,995 - Loaded System Directive: org.apache.velocity.runtime.directive.Parse
2016-12-09 15:21:47,995 - Loaded System Directive: org.apache.velocity.runtime.directive.Include
2016-12-09 15:21:48,000 - Loaded System Directive: org.apache.velocity.runtime.directive.Foreach
2016-12-09 15:21:48,153 - Created '20' parsers.
2016-12-09 15:21:48,241 - Velocimacro : "velocimacro.library" is not set.  Trying default library: VM_global_library.vm
2016-12-09 15:21:48,245 - Could not load resource 'VM_global_library.vm' from ResourceLoader org.apache.velocity.runtime.resource.loader.ClasspathResourceLoader: ClasspathResourceLoader Error: cannot find resource VM_global_library.vm
2016-12-09 15:21:48,245 - Velocimacro : Default library not found.
2016-12-09 15:21:48,246 - Velocimacro : allowInline = true : VMs can be defined inline in templates
2016-12-09 15:21:48,246 - Velocimacro : allowInlineToOverride = false : VMs defined inline may NOT replace previous VM definitions
2016-12-09 15:21:48,246 - Velocimacro : allowInlineLocal = false : VMs defined inline will be global in scope if allowed.
2016-12-09 15:21:48,246 - Velocimacro : autoload off : VM system will not automatically reload global library macros
2016-12-09 15:21:48,262 - ResourceManager : unable to find resource 'D:\Workspace-Spring\InfoCMS\src\main\resources\config\ControllerTemplate.java' in any resource loader.
2016-12-09 15:26:51,586 - Log4JLogChute initialized using file 'velocity.log'
2016-12-09 15:26:51,591 - Initializing Velocity, Calling init()...
2016-12-09 15:26:51,591 - Starting Apache Velocity v1.7 (compiled: 2010-11-19 12:14:37)
2016-12-09 15:26:51,591 - Default Properties File: org\apache\velocity\runtime\defaults\velocity.properties
2016-12-09 15:26:51,591 - Trying to use logger class org.apache.velocity.runtime.log.AvalonLogChute
2016-12-09 15:26:51,591 - Target log system for org.apache.velocity.runtime.log.AvalonLogChute is not available (java.lang.NoClassDefFoundError: org/apache/log/format/Formatter).  Falling back to next log system...
2016-12-09 15:26:51,591 - Trying to use logger class org.apache.velocity.runtime.log.Log4JLogChute
2016-12-09 15:26:51,591 - Using logger class org.apache.velocity.runtime.log.Log4JLogChute
2016-12-09 15:26:51,618 - ResourceLoader instantiated: org.apache.velocity.runtime.resource.loader.ClasspathResourceLoader
2016-12-09 15:26:51,686 - ResourceCache: initialized (class org.apache.velocity.runtime.resource.ResourceCacheImpl) with class java.util.Collections$SynchronizedMap cache map.
2016-12-09 15:26:51,700 - Loaded System Directive: org.apache.velocity.runtime.directive.Stop
2016-12-09 15:26:51,708 - Loaded System Directive: org.apache.velocity.runtime.directive.Define
2016-12-09 15:26:51,712 - Loaded System Directive: org.apache.velocity.runtime.directive.Break
2016-12-09 15:26:51,720 - Loaded System Directive: org.apache.velocity.runtime.directive.Evaluate
2016-12-09 15:26:51,724 - Loaded System Directive: org.apache.velocity.runtime.directive.Literal
2016-12-09 15:26:51,724 - Loaded System Directive: org.apache.velocity.runtime.directive.Macro
2016-12-09 15:26:51,735 - Loaded System Directive: org.apache.velocity.runtime.directive.Parse
2016-12-09 15:26:51,745 - Loaded System Directive: org.apache.velocity.runtime.directive.Include
2016-12-09 15:26:51,745 - Loaded System Directive: org.apache.velocity.runtime.directive.Foreach
2016-12-09 15:26:51,882 - Created '20' parsers.
2016-12-09 15:26:51,920 - Velocimacro : "velocimacro.library" is not set.  Trying default library: VM_global_library.vm
2016-12-09 15:26:51,922 - Could not load resource 'VM_global_library.vm' from ResourceLoader org.apache.velocity.runtime.resource.loader.ClasspathResourceLoader: ClasspathResourceLoader Error: cannot find resource VM_global_library.vm
2016-12-09 15:26:51,923 - Velocimacro : Default library not found.
2016-12-09 15:26:51,923 - Velocimacro : allowInline = true : VMs can be defined inline in templates
2016-12-09 15:26:51,923 - Velocimacro : allowInlineToOverride = false : VMs defined inline may NOT replace previous VM definitions
2016-12-09 15:26:51,923 - Velocimacro : allowInlineLocal = false : VMs defined inline will be global in scope if allowed.
2016-12-09 15:26:51,923 - Velocimacro : autoload off : VM system will not automatically reload global library macros
2016-12-09 15:26:51,938 - ResourceManager : unable to find resource 'D:\Workspace-Spring\InfoCMS\src\main\resources\config\ControllerTemplate.java' in any resource loader.
2016-12-10 09:06:59,396 - Log4JLogChute initialized using file 'velocity.log'
2016-12-10 09:06:59,412 - Initializing Velocity, Calling init()...
2016-12-10 09:06:59,412 - Starting Apache Velocity v1.7 (compiled: 2010-11-19 12:14:37)
2016-12-10 09:06:59,412 - Default Properties File: org\apache\velocity\runtime\defaults\velocity.properties
2016-12-10 09:06:59,412 - Trying to use logger class org.apache.velocity.runtime.log.AvalonLogChute
2016-12-10 09:06:59,412 - Target log system for org.apache.velocity.runtime.log.AvalonLogChute is not available (java.lang.NoClassDefFoundError: org/apache/log/format/Formatter).  Falling back to next log system...
2016-12-10 09:06:59,412 - Trying to use logger class org.apache.velocity.runtime.log.Log4JLogChute
2016-12-10 09:06:59,412 - Using logger class org.apache.velocity.runtime.log.Log4JLogChute
2016-12-10 09:06:59,435 - ResourceLoader instantiated: org.apache.velocity.runtime.resource.loader.ClasspathResourceLoader
2016-12-10 09:06:59,500 - ResourceCache: initialized (class org.apache.velocity.runtime.resource.ResourceCacheImpl) with class java.util.Collections$SynchronizedMap cache map.
2016-12-10 09:06:59,523 - Loaded System Directive: org.apache.velocity.runtime.directive.Stop
2016-12-10 09:06:59,529 - Loaded System Directive: org.apache.velocity.runtime.directive.Define
2016-12-10 09:06:59,533 - Loaded System Directive: org.apache.velocity.runtime.directive.Break
2016-12-10 09:06:59,537 - Loaded System Directive: org.apache.velocity.runtime.directive.Evaluate
2016-12-10 09:06:59,541 - Loaded System Directive: org.apache.velocity.runtime.directive.Literal
2016-12-10 09:06:59,549 - Loaded System Directive: org.apache.velocity.runtime.directive.Macro
2016-12-10 09:06:59,557 - Loaded System Directive: org.apache.velocity.runtime.directive.Parse
2016-12-10 09:06:59,562 - Loaded System Directive: org.apache.velocity.runtime.directive.Include
2016-12-10 09:06:59,566 - Loaded System Directive: org.apache.velocity.runtime.directive.Foreach
2016-12-10 09:06:59,725 - Created '20' parsers.
2016-12-10 09:06:59,758 - Velocimacro : "velocimacro.library" is not set.  Trying default library: VM_global_library.vm
2016-12-10 09:06:59,760 - Could not load resource 'VM_global_library.vm' from ResourceLoader org.apache.velocity.runtime.resource.loader.ClasspathResourceLoader: ClasspathResourceLoader Error: cannot find resource VM_global_library.vm
2016-12-10 09:06:59,760 - Velocimacro : Default library not found.
2016-12-10 09:06:59,761 - Velocimacro : allowInline = true : VMs can be defined inline in templates
2016-12-10 09:06:59,761 - Velocimacro : allowInlineToOverride = false : VMs defined inline may NOT replace previous VM definitions
2016-12-10 09:06:59,761 - Velocimacro : allowInlineLocal = false : VMs defined inline will be global in scope if allowed.
2016-12-10 09:06:59,761 - Velocimacro : autoload off : VM system will not automatically reload global library macros
2016-12-10 09:06:59,783 - ResourceManager : unable to find resource 'D:\Workspace-Spring\InfoCMS\src\main\resources\config\ControllerTemplate.java' in any resource loader.
2016-12-10 09:37:02,302 - Log4JLogChute initialized using file 'velocity.log'
2016-12-10 09:37:02,305 - Initializing Velocity, Calling init()...
2016-12-10 09:37:02,305 - Starting Apache Velocity v1.7 (compiled: 2010-11-19 12:14:37)
2016-12-10 09:37:02,305 - Default Properties File: org\apache\velocity\runtime\defaults\velocity.properties
2016-12-10 09:37:02,305 - Trying to use logger class org.apache.velocity.runtime.log.AvalonLogChute
2016-12-10 09:37:02,305 - Target log system for org.apache.velocity.runtime.log.AvalonLogChute is not available (java.lang.NoClassDefFoundError: org/apache/log/format/Formatter).  Falling back to next log system...
2016-12-10 09:37:02,305 - Trying to use logger class org.apache.velocity.runtime.log.Log4JLogChute
2016-12-10 09:37:02,305 - Using logger class org.apache.velocity.runtime.log.Log4JLogChute
2016-12-10 09:37:02,335 - ResourceLoader instantiated: org.apache.velocity.runtime.resource.loader.ClasspathResourceLoader
2016-12-10 09:37:02,409 - ResourceCache: initialized (class org.apache.velocity.runtime.resource.ResourceCacheImpl) with class java.util.Collections$SynchronizedMap cache map.
2016-12-10 09:37:02,421 - Loaded System Directive: org.apache.velocity.runtime.directive.Stop
2016-12-10 09:37:02,429 - Loaded System Directive: org.apache.velocity.runtime.directive.Define
2016-12-10 09:37:02,433 - Loaded System Directive: org.apache.velocity.runtime.directive.Break
2016-12-10 09:37:02,438 - Loaded System Directive: org.apache.velocity.runtime.directive.Evaluate
2016-12-10 09:37:02,438 - Loaded System Directive: org.apache.velocity.runtime.directive.Literal
2016-12-10 09:37:02,457 - Loaded System Directive: org.apache.velocity.runtime.directive.Macro
2016-12-10 09:37:02,459 - Loaded System Directive: org.apache.velocity.runtime.directive.Parse
2016-12-10 09:37:02,460 - Loaded System Directive: org.apache.velocity.runtime.directive.Include
2016-12-10 09:37:02,479 - Loaded System Directive: org.apache.velocity.runtime.directive.Foreach
2016-12-10 09:37:02,619 - Created '20' parsers.
2016-12-10 09:37:02,652 - Velocimacro : "velocimacro.library" is not set.  Trying default library: VM_global_library.vm
2016-12-10 09:37:02,652 - Could not load resource 'VM_global_library.vm' from ResourceLoader org.apache.velocity.runtime.resource.loader.ClasspathResourceLoader: ClasspathResourceLoader Error: cannot find resource VM_global_library.vm
2016-12-10 09:37:02,652 - Velocimacro : Default library not found.
2016-12-10 09:37:02,656 - Velocimacro : allowInline = true : VMs can be defined inline in templates
2016-12-10 09:37:02,656 - Velocimacro : allowInlineToOverride = false : VMs defined inline may NOT replace previous VM definitions
2016-12-10 09:37:02,656 - Velocimacro : allowInlineLocal = false : VMs defined inline will be global in scope if allowed.
2016-12-10 09:37:02,657 - Velocimacro : autoload off : VM system will not automatically reload global library macros
2016-12-10 09:37:02,673 - ResourceManager : unable to find resource 'D:\Workspace-Spring\InfoCMS\src\main\resources\config\ControllerTemplate.java' in any resource loader.
2016-12-10 10:15:27,676 - Log4JLogChute initialized using file 'velocity.log'
2016-12-10 10:15:27,681 - Initializing Velocity, Calling init()...
2016-12-10 10:15:27,681 - Starting Apache Velocity v1.7 (compiled: 2010-11-19 12:14:37)
2016-12-10 10:15:27,681 - Default Properties File: org\apache\velocity\runtime\defaults\velocity.properties
2016-12-10 10:15:27,681 - Trying to use logger class org.apache.velocity.runtime.log.AvalonLogChute
2016-12-10 10:15:27,681 - Target log system for org.apache.velocity.runtime.log.AvalonLogChute is not available (java.lang.NoClassDefFoundError: org/apache/log/format/Formatter).  Falling back to next log system...
2016-12-10 10:15:27,681 - Trying to use logger class org.apache.velocity.runtime.log.Log4JLogChute
2016-12-10 10:15:27,682 - Using logger class org.apache.velocity.runtime.log.Log4JLogChute
2016-12-10 10:15:27,693 - ResourceLoader instantiated: org.apache.velocity.runtime.resource.loader.ClasspathResourceLoader
2016-12-10 10:15:27,771 - ResourceCache: initialized (class org.apache.velocity.runtime.resource.ResourceCacheImpl) with class java.util.Collections$SynchronizedMap cache map.
2016-12-10 10:15:27,785 - Loaded System Directive: org.apache.velocity.runtime.directive.Stop
2016-12-10 10:15:27,794 - Loaded System Directive: org.apache.velocity.runtime.directive.Define
2016-12-10 10:15:27,800 - Loaded System Directive: org.apache.velocity.runtime.directive.Break
2016-12-10 10:15:27,806 - Loaded System Directive: org.apache.velocity.runtime.directive.Evaluate
2016-12-10 10:15:27,811 - Loaded System Directive: org.apache.velocity.runtime.directive.Literal
2016-12-10 10:15:27,824 - Loaded System Directive: org.apache.velocity.runtime.directive.Macro
2016-12-10 10:15:27,833 - Loaded System Directive: org.apache.velocity.runtime.directive.Parse
2016-12-10 10:15:27,842 - Loaded System Directive: org.apache.velocity.runtime.directive.Include
2016-12-10 10:15:27,850 - Loaded System Directive: org.apache.velocity.runtime.directive.Foreach
2016-12-10 10:15:27,965 - Created '20' parsers.
2016-12-10 10:15:28,003 - Velocimacro : "velocimacro.library" is not set.  Trying default library: VM_global_library.vm
2016-12-10 10:15:28,018 - Could not load resource 'VM_global_library.vm' from ResourceLoader org.apache.velocity.runtime.resource.loader.ClasspathResourceLoader: ClasspathResourceLoader Error: cannot find resource VM_global_library.vm
2016-12-10 10:15:28,018 - Velocimacro : Default library not found.
2016-12-10 10:15:28,018 - Velocimacro : allowInline = true : VMs can be defined inline in templates
2016-12-10 10:15:28,018 - Velocimacro : allowInlineToOverride = false : VMs defined inline may NOT replace previous VM definitions
2016-12-10 10:15:28,019 - Velocimacro : allowInlineLocal = false : VMs defined inline will be global in scope if allowed.
2016-12-10 10:15:28,019 - Velocimacro : autoload off : VM system will not automatically reload global library macros
2016-12-10 10:15:28,108 - ResourceManager : found /ControllerTemplate.java with loader org.apache.velocity.runtime.resource.loader.ClasspathResourceLoader
2016-12-10 10:15:28,121 - Null reference [template '/ControllerTemplate.java', line 22, column 4] : $Id cannot be resolved.
2016-12-10 10:40:55,251 - Log4JLogChute initialized using file 'velocity.log'
2016-12-10 10:40:55,257 - Initializing Velocity, Calling init()...
2016-12-10 10:40:55,257 - Starting Apache Velocity v1.7 (compiled: 2010-11-19 12:14:37)
2016-12-10 10:40:55,257 - Default Properties File: org\apache\velocity\runtime\defaults\velocity.properties
2016-12-10 10:40:55,257 - Trying to use logger class org.apache.velocity.runtime.log.AvalonLogChute
2016-12-10 10:40:55,257 - Target log system for org.apache.velocity.runtime.log.AvalonLogChute is not available (java.lang.NoClassDefFoundError: org/apache/log/format/Formatter).  Falling back to next log system...
2016-12-10 10:40:55,257 - Trying to use logger class org.apache.velocity.runtime.log.Log4JLogChute
2016-12-10 10:40:55,257 - Using logger class org.apache.velocity.runtime.log.Log4JLogChute
2016-12-10 10:40:55,290 - ResourceLoader instantiated: org.apache.velocity.runtime.resource.loader.ClasspathResourceLoader
2016-12-10 10:40:55,364 - ResourceCache: initialized (class org.apache.velocity.runtime.resource.ResourceCacheImpl) with class java.util.Collections$SynchronizedMap cache map.
2016-12-10 10:40:55,390 - Loaded System Directive: org.apache.velocity.runtime.directive.Stop
2016-12-10 10:40:55,400 - Loaded System Directive: org.apache.velocity.runtime.directive.Define
2016-12-10 10:40:55,400 - Loaded System Directive: org.apache.velocity.runtime.directive.Break
2016-12-10 10:40:55,414 - Loaded System Directive: org.apache.velocity.runtime.directive.Evaluate
2016-12-10 10:40:55,414 - Loaded System Directive: org.apache.velocity.runtime.directive.Literal
2016-12-10 10:40:55,445 - Loaded System Directive: org.apache.velocity.runtime.directive.Macro
2016-12-10 10:40:55,455 - Loaded System Directive: org.apache.velocity.runtime.directive.Parse
2016-12-10 10:40:55,456 - Loaded System Directive: org.apache.velocity.runtime.directive.Include
2016-12-10 10:40:55,466 - Loaded System Directive: org.apache.velocity.runtime.directive.Foreach
2016-12-10 10:40:55,625 - Created '20' parsers.
2016-12-10 10:40:55,666 - Velocimacro : "velocimacro.library" is not set.  Trying default library: VM_global_library.vm
2016-12-10 10:40:55,678 - Could not load resource 'VM_global_library.vm' from ResourceLoader org.apache.velocity.runtime.resource.loader.ClasspathResourceLoader: ClasspathResourceLoader Error: cannot find resource VM_global_library.vm
2016-12-10 10:40:55,678 - Velocimacro : Default library not found.
2016-12-10 10:40:55,679 - Velocimacro : allowInline = true : VMs can be defined inline in templates
2016-12-10 10:40:55,679 - Velocimacro : allowInlineToOverride = false : VMs defined inline may NOT replace previous VM definitions
2016-12-10 10:40:55,679 - Velocimacro : allowInlineLocal = false : VMs defined inline will be global in scope if allowed.
2016-12-10 10:40:55,679 - Velocimacro : autoload off : VM system will not automatically reload global library macros
2016-12-10 10:40:55,697 - ResourceManager : unable to find resource '/D:/Workspace-Spring/InfoCMS/build/classes/config/ControllerTemplate.txt' in any resource loader.
2016-12-10 10:43:12,008 - Log4JLogChute initialized using file 'velocity.log'
2016-12-10 10:43:12,018 - Initializing Velocity, Calling init()...
2016-12-10 10:43:12,018 - Starting Apache Velocity v1.7 (compiled: 2010-11-19 12:14:37)
2016-12-10 10:43:12,018 - Default Properties File: org\apache\velocity\runtime\defaults\velocity.properties
2016-12-10 10:43:12,018 - Trying to use logger class org.apache.velocity.runtime.log.AvalonLogChute
2016-12-10 10:43:12,018 - Target log system for org.apache.velocity.runtime.log.AvalonLogChute is not available (java.lang.NoClassDefFoundError: org/apache/log/format/Formatter).  Falling back to next log system...
2016-12-10 10:43:12,018 - Trying to use logger class org.apache.velocity.runtime.log.Log4JLogChute
2016-12-10 10:43:12,018 - Using logger class org.apache.velocity.runtime.log.Log4JLogChute
2016-12-10 10:43:12,052 - ResourceLoader instantiated: org.apache.velocity.runtime.resource.loader.ClasspathResourceLoader
2016-12-10 10:43:12,121 - ResourceCache: initialized (class org.apache.velocity.runtime.resource.ResourceCacheImpl) with class java.util.Collections$SynchronizedMap cache map.
2016-12-10 10:43:12,134 - Loaded System Directive: org.apache.velocity.runtime.directive.Stop
2016-12-10 10:43:12,143 - Loaded System Directive: org.apache.velocity.runtime.directive.Define
2016-12-10 10:43:12,148 - Loaded System Directive: org.apache.velocity.runtime.directive.Break
2016-12-10 10:43:12,154 - Loaded System Directive: org.apache.velocity.runtime.directive.Evaluate
2016-12-10 10:43:12,158 - Loaded System Directive: org.apache.velocity.runtime.directive.Literal
2016-12-10 10:43:12,178 - Loaded System Directive: org.apache.velocity.runtime.directive.Macro
2016-12-10 10:43:12,182 - Loaded System Directive: org.apache.velocity.runtime.directive.Parse
2016-12-10 10:43:12,185 - Loaded System Directive: org.apache.velocity.runtime.directive.Include
2016-12-10 10:43:12,187 - Loaded System Directive: org.apache.velocity.runtime.directive.Foreach
2016-12-10 10:43:12,314 - Created '20' parsers.
2016-12-10 10:43:12,356 - Velocimacro : "velocimacro.library" is not set.  Trying default library: VM_global_library.vm
2016-12-10 10:43:12,359 - Could not load resource 'VM_global_library.vm' from ResourceLoader org.apache.velocity.runtime.resource.loader.ClasspathResourceLoader: ClasspathResourceLoader Error: cannot find resource VM_global_library.vm
2016-12-10 10:43:12,359 - Velocimacro : Default library not found.
2016-12-10 10:43:12,360 - Velocimacro : allowInline = true : VMs can be defined inline in templates
2016-12-10 10:43:12,360 - Velocimacro : allowInlineToOverride = false : VMs defined inline may NOT replace previous VM definitions
2016-12-10 10:43:12,360 - Velocimacro : allowInlineLocal = false : VMs defined inline will be global in scope if allowed.
2016-12-10 10:43:12,360 - Velocimacro : autoload off : VM system will not automatically reload global library macros
2016-12-10 10:43:12,375 - ResourceManager : unable to find resource 'D:\Workspace-Spring\InfoCMS\src\main\resources\config\ControllerTemplate.txt' in any resource loader.
2016-12-10 10:46:25,029 - Log4JLogChute initialized using file 'velocity.log'
2016-12-10 10:46:25,039 - Initializing Velocity, Calling init()...
2016-12-10 10:46:25,039 - Starting Apache Velocity v1.7 (compiled: 2010-11-19 12:14:37)
2016-12-10 10:46:25,039 - Default Properties File: org\apache\velocity\runtime\defaults\velocity.properties
2016-12-10 10:46:25,039 - Trying to use logger class org.apache.velocity.runtime.log.AvalonLogChute
2016-12-10 10:46:25,039 - Target log system for org.apache.velocity.runtime.log.AvalonLogChute is not available (java.lang.NoClassDefFoundError: org/apache/log/format/Formatter).  Falling back to next log system...
2016-12-10 10:46:25,039 - Trying to use logger class org.apache.velocity.runtime.log.Log4JLogChute
2016-12-10 10:46:25,039 - Using logger class org.apache.velocity.runtime.log.Log4JLogChute
2016-12-10 10:46:25,075 - ResourceLoader instantiated: org.apache.velocity.runtime.resource.loader.ClasspathResourceLoader
2016-12-10 10:46:25,169 - ResourceCache: initialized (class org.apache.velocity.runtime.resource.ResourceCacheImpl) with class java.util.Collections$SynchronizedMap cache map.
2016-12-10 10:46:25,179 - Loaded System Directive: org.apache.velocity.runtime.directive.Stop
2016-12-10 10:46:25,189 - Loaded System Directive: org.apache.velocity.runtime.directive.Define
2016-12-10 10:46:25,192 - Loaded System Directive: org.apache.velocity.runtime.directive.Break
2016-12-10 10:46:25,204 - Loaded System Directive: org.apache.velocity.runtime.directive.Evaluate
2016-12-10 10:46:25,212 - Loaded System Directive: org.apache.velocity.runtime.directive.Literal
2016-12-10 10:46:25,223 - Loaded System Directive: org.apache.velocity.runtime.directive.Macro
2016-12-10 10:46:25,235 - Loaded System Directive: org.apache.velocity.runtime.directive.Parse
2016-12-10 10:46:25,243 - Loaded System Directive: org.apache.velocity.runtime.directive.Include
2016-12-10 10:46:25,250 - Loaded System Directive: org.apache.velocity.runtime.directive.Foreach
2016-12-10 10:46:25,433 - Created '20' parsers.
2016-12-10 10:46:25,471 - Velocimacro : "velocimacro.library" is not set.  Trying default library: VM_global_library.vm
2016-12-10 10:46:25,474 - Could not load resource 'VM_global_library.vm' from ResourceLoader org.apache.velocity.runtime.resource.loader.ClasspathResourceLoader: ClasspathResourceLoader Error: cannot find resource VM_global_library.vm
2016-12-10 10:46:25,474 - Velocimacro : Default library not found.
2016-12-10 10:46:25,474 - Velocimacro : allowInline = true : VMs can be defined inline in templates
2016-12-10 10:46:25,474 - Velocimacro : allowInlineToOverride = false : VMs defined inline may NOT replace previous VM definitions
2016-12-10 10:46:25,475 - Velocimacro : allowInlineLocal = false : VMs defined inline will be global in scope if allowed.
2016-12-10 10:46:25,475 - Velocimacro : autoload off : VM system will not automatically reload global library macros
2016-12-10 10:46:25,490 - ResourceManager : unable to find resource 'D:\Workspace-Spring\InfoCMS\src\main\resources\config\ControllerTemplate.txt' in any resource loader.
2016-12-10 10:47:18,166 - Log4JLogChute initialized using file 'velocity.log'
2016-12-10 10:47:18,173 - Initializing Velocity, Calling init()...
2016-12-10 10:47:18,173 - Starting Apache Velocity v1.7 (compiled: 2010-11-19 12:14:37)
2016-12-10 10:47:18,173 - Default Properties File: org\apache\velocity\runtime\defaults\velocity.properties
2016-12-10 10:47:18,173 - Trying to use logger class org.apache.velocity.runtime.log.AvalonLogChute
2016-12-10 10:47:18,173 - Target log system for org.apache.velocity.runtime.log.AvalonLogChute is not available (java.lang.NoClassDefFoundError: org/apache/log/format/Formatter).  Falling back to next log system...
2016-12-10 10:47:18,173 - Trying to use logger class org.apache.velocity.runtime.log.Log4JLogChute
2016-12-10 10:47:18,173 - Using logger class org.apache.velocity.runtime.log.Log4JLogChute
2016-12-10 10:47:18,200 - ResourceLoader instantiated: org.apache.velocity.runtime.resource.loader.ClasspathResourceLoader
2016-12-10 10:47:18,298 - ResourceCache: initialized (class org.apache.velocity.runtime.resource.ResourceCacheImpl) with class java.util.Collections$SynchronizedMap cache map.
2016-12-10 10:47:18,308 - Loaded System Directive: org.apache.velocity.runtime.directive.Stop
2016-12-10 10:47:18,313 - Loaded System Directive: org.apache.velocity.runtime.directive.Define
2016-12-10 10:47:18,322 - Loaded System Directive: org.apache.velocity.runtime.directive.Break
2016-12-10 10:47:18,326 - Loaded System Directive: org.apache.velocity.runtime.directive.Evaluate
2016-12-10 10:47:18,333 - Loaded System Directive: org.apache.velocity.runtime.directive.Literal
2016-12-10 10:47:18,336 - Loaded System Directive: org.apache.velocity.runtime.directive.Macro
2016-12-10 10:47:18,347 - Loaded System Directive: org.apache.velocity.runtime.directive.Parse
2016-12-10 10:47:18,358 - Loaded System Directive: org.apache.velocity.runtime.directive.Include
2016-12-10 10:47:18,358 - Loaded System Directive: org.apache.velocity.runtime.directive.Foreach
2016-12-10 10:47:18,513 - Created '20' parsers.
2016-12-10 10:47:18,552 - Velocimacro : "velocimacro.library" is not set.  Trying default library: VM_global_library.vm
2016-12-10 10:47:18,556 - Could not load resource 'VM_global_library.vm' from ResourceLoader org.apache.velocity.runtime.resource.loader.ClasspathResourceLoader: ClasspathResourceLoader Error: cannot find resource VM_global_library.vm
2016-12-10 10:47:18,556 - Velocimacro : Default library not found.
2016-12-10 10:47:18,557 - Velocimacro : allowInline = true : VMs can be defined inline in templates
2016-12-10 10:47:18,557 - Velocimacro : allowInlineToOverride = false : VMs defined inline may NOT replace previous VM definitions
2016-12-10 10:47:18,557 - Velocimacro : allowInlineLocal = false : VMs defined inline will be global in scope if allowed.
2016-12-10 10:47:18,558 - Velocimacro : autoload off : VM system will not automatically reload global library macros
2016-12-10 10:47:18,574 - ResourceManager : unable to find resource 'D:\Workspace-Spring\InfoCMS\src\main\resources\config\ControllerTemplate.txt' in any resource loader.
2016-12-10 10:50:06,539 - Log4JLogChute initialized using file 'velocity.log'
2016-12-10 10:50:06,543 - Initializing Velocity, Calling init()...
2016-12-10 10:50:06,543 - Starting Apache Velocity v1.7 (compiled: 2010-11-19 12:14:37)
2016-12-10 10:50:06,543 - Default Properties File: org\apache\velocity\runtime\defaults\velocity.properties
2016-12-10 10:50:06,543 - Trying to use logger class org.apache.velocity.runtime.log.AvalonLogChute
2016-12-10 10:50:06,543 - Target log system for org.apache.velocity.runtime.log.AvalonLogChute is not available (java.lang.NoClassDefFoundError: org/apache/log/format/Formatter).  Falling back to next log system...
2016-12-10 10:50:06,543 - Trying to use logger class org.apache.velocity.runtime.log.Log4JLogChute
2016-12-10 10:50:06,543 - Using logger class org.apache.velocity.runtime.log.Log4JLogChute
2016-12-10 10:50:06,575 - ResourceLoader instantiated: org.apache.velocity.runtime.resource.loader.ClasspathResourceLoader
2016-12-10 10:50:06,657 - ResourceCache: initialized (class org.apache.velocity.runtime.resource.ResourceCacheImpl) with class java.util.Collections$SynchronizedMap cache map.
2016-12-10 10:50:06,671 - Loaded System Directive: org.apache.velocity.runtime.directive.Stop
2016-12-10 10:50:06,682 - Loaded System Directive: org.apache.velocity.runtime.directive.Define
2016-12-10 10:50:06,687 - Loaded System Directive: org.apache.velocity.runtime.directive.Break
2016-12-10 10:50:06,692 - Loaded System Directive: org.apache.velocity.runtime.directive.Evaluate
2016-12-10 10:50:06,697 - Loaded System Directive: org.apache.velocity.runtime.directive.Literal
2016-12-10 10:50:06,729 - Loaded System Directive: org.apache.velocity.runtime.directive.Macro
2016-12-10 10:50:06,739 - Loaded System Directive: org.apache.velocity.runtime.directive.Parse
2016-12-10 10:50:06,748 - Loaded System Directive: org.apache.velocity.runtime.directive.Include
2016-12-10 10:50:06,748 - Loaded System Directive: org.apache.velocity.runtime.directive.Foreach
2016-12-10 10:50:06,893 - Created '20' parsers.
2016-12-10 10:50:06,931 - Velocimacro : "velocimacro.library" is not set.  Trying default library: VM_global_library.vm
2016-12-10 10:50:06,932 - Could not load resource 'VM_global_library.vm' from ResourceLoader org.apache.velocity.runtime.resource.loader.ClasspathResourceLoader: ClasspathResourceLoader Error: cannot find resource VM_global_library.vm
2016-12-10 10:50:06,932 - Velocimacro : Default library not found.
2016-12-10 10:50:06,932 - Velocimacro : allowInline = true : VMs can be defined inline in templates
2016-12-10 10:50:06,932 - Velocimacro : allowInlineToOverride = false : VMs defined inline may NOT replace previous VM definitions
2016-12-10 10:50:06,932 - Velocimacro : allowInlineLocal = false : VMs defined inline will be global in scope if allowed.
2016-12-10 10:50:06,932 - Velocimacro : autoload off : VM system will not automatically reload global library macros
2016-12-10 10:50:06,952 - ResourceManager : unable to find resource 'D:\Workspace-Spring\InfoCMS\src\main\resources\config\ControllerTemplate.txt' in any resource loader.
